<?xml version="1.0" encoding="UTF-8" ?>
<testsuite tests="2" failures="1" name="org.solent.com528.project.clientservice.impl.test.TicketEncoderImplTest" time="0.246" errors="0" skipped="0">
  <properties>
    <property name="java.runtime.name" value="OpenJDK Runtime Environment"/>
    <property name="java.vm.version" value="11.0.8+10-LTS"/>
    <property name="sun.boot.library.path" value="C:\Program Files\RedHat\java-11-openjdk-11.0.8-2\bin"/>
    <property name="maven.multiModuleProjectDirectory" value="C:\Users\Cristiano\Documents\GitHub\TicketMachine\project\model"/>
    <property name="java.vm.vendor" value="Red Hat, Inc."/>
    <property name="java.vendor.url" value="https://access.redhat.com/"/>
    <property name="guice.disable.misplaced.annotation.check" value="true"/>
    <property name="path.separator" value=";"/>
    <property name="java.vm.name" value="OpenJDK 64-Bit Server VM"/>
    <property name="sun.os.patch.level" value=""/>
    <property name="user.script" value=""/>
    <property name="user.country" value="GB"/>
    <property name="sun.java.launcher" value="SUN_STANDARD"/>
    <property name="test" value="org.solent.com528.project.clientservice.impl.test.TicketEncoderImplTest"/>
    <property name="java.vm.specification.name" value="Java Virtual Machine Specification"/>
    <property name="user.dir" value="C:\Users\Cristiano\Documents\GitHub\TicketMachine\project\model"/>
    <property name="java.vm.compressedOopsMode" value="Zero based"/>
    <property name="java.runtime.version" value="11.0.8+10-LTS"/>
    <property name="java.awt.graphicsenv" value="sun.awt.Win32GraphicsEnvironment"/>
    <property name="os.arch" value="amd64"/>
    <property name="java.io.tmpdir" value="C:\Users\CRISTI~1\AppData\Local\Temp\"/>
    <property name="line.separator" value="
"/>
    <property name="java.vm.specification.vendor" value="Oracle Corporation"/>
    <property name="user.variant" value=""/>
    <property name="os.name" value="Windows 10"/>
    <property name="maven.ext.class.path" value="C:\Program Files\NetBeans-12.0\netbeans\java\maven-nblib\netbeans-eventspy.jar;C:\Program Files\NetBeans-12.0\netbeans\java\maven-nblib\netbeans-cos.jar"/>
    <property name="classworlds.conf" value="C:\Program Files\NetBeans-12.0\netbeans\java\maven\bin\..\bin\m2.conf"/>
    <property name="sun.jnu.encoding" value="Cp1252"/>
    <property name="java.library.path" value="C:\Program Files\RedHat\java-11-openjdk-11.0.8-2\bin;C:\WINDOWS\Sun\Java\bin;C:\WINDOWS\system32;C:\WINDOWS;C:\Program Files\Oculus\Support\oculus-runtime;C:\Program Files\RedHat\java-11-openjdk-11.0.8-2\bin;C:\Devel\maven\apache-maven-3.6.3\bin;C:\Program Files (x86)\Common Files\Oracle\Java\javapath;C:\Program Files (x86)\Razer Chroma SDK\bin;C:\Program Files\Razer Chroma SDK\bin;C:\Program Files (x86)\Razer\ChromaBroadcast\bin;C:\Program Files\Razer\ChromaBroadcast\bin;C:\Windows\system32;C:\Windows;C:\Windows\System32\Wbem;C:\Windows\System32\WindowsPowerShell\v1.0\;C:\Windows\System32\OpenSSH\;C:\Program Files (x86)\Intel\Intel(R) Management Engine Components\DAL;C:\Program Files\Intel\Intel(R) Management Engine Components\DAL;C:\Program Files\Intel\WiFi\bin\;C:\Program Files\Common Files\Intel\WirelessCommon\;C:\Program Files (x86)\NVIDIA Corporation\PhysX\Common;C:\Users\Administrator\AppData\Local\Microsoft\WindowsApps;C:\Windows\system32\config\systemprofile\AppData\Local\Microsoft\WindowsApps;C:\WINDOWS\system32;C:\WINDOWS;C:\WINDOWS\System32\Wbem;C:\WINDOWS\System32\WindowsPowerShell\v1.0\;C:\WINDOWS\System32\OpenSSH\;C:\Program Files\NVIDIA Corporation\NVIDIA NvDLISR;C:\Program Files\Git\cmd;C:\Program Files\nodejs\;C:\Program Files\MongoDB\Server\4.4\bin;C:\Users\Cristiano\AppData\Local\Programs\Python\Python38\Scripts\;C:\Users\Cristiano\AppData\Local\Programs\Python\Python38\;C:\Users\Cristiano\AppData\Local\Programs\Python\Python39\Scripts\;C:\Users\Cristiano\AppData\Local\Programs\Python\Python39\;C:\Users\Cristiano\AppData\Local\Microsoft\WindowsApps;C:\Users\Cristiano\AppData\Local\Programs\Microsoft VS Code\bin;C:\Users\Cristiano\AppData\Roaming\npm;C:\Program Files\MongoDB\Server\4.4\bin;C:\Users\Cristiano\AppData\Local\GitHubDesktop\bin;C:\Program Files\JetBrains\PyCharm Community Edition 2020.2.3\bin;;C:\Program Files\JetBrains\PyCharm 2020.2.3\bin;;C:\Program Files\JetBrains\IntelliJ\IntelliJ IDEA 2020.2.3\bin;;C:\Program Files\heroku\bin;."/>
    <property name="maven.conf" value="C:\Program Files\NetBeans-12.0\netbeans\java\maven\bin\../conf"/>
    <property name="jdk.debug" value="release"/>
    <property name="java.class.version" value="55.0"/>
    <property name="java.specification.name" value="Java Platform API Specification"/>
    <property name="sun.management.compiler" value="HotSpot 64-Bit Tiered Compilers"/>
    <property name="os.version" value="10.0"/>
    <property name="library.jansi.path" value="C:\Program Files\NetBeans-12.0\netbeans\java\maven\bin\..\lib\jansi-native"/>
    <property name="user.home" value="C:\Users\Cristiano"/>
    <property name="user.timezone" value="Europe/London"/>
    <property name="java.awt.printerjob" value="sun.awt.windows.WPrinterJob"/>
    <property name="file.encoding" value="UTF-8"/>
    <property name="java.specification.version" value="11"/>
    <property name="user.name" value="Cristiano Local"/>
    <property name="java.class.path" value="C:\Program Files\NetBeans-12.0\netbeans\java\maven\bin\..\boot\plexus-classworlds-2.6.0.jar"/>
    <property name="java.vm.specification.version" value="11"/>
    <property name="sun.arch.data.model" value="64"/>
    <property name="sun.java.command" value="org.codehaus.plexus.classworlds.launcher.Launcher -Dtest=org.solent.com528.project.clientservice.impl.test.TicketEncoderImplTest -Dmaven.ext.class.path=C:\Program Files\NetBeans-12.0\netbeans\java\maven-nblib\netbeans-eventspy.jar;C:\Program Files\NetBeans-12.0\netbeans\java\maven-nblib\netbeans-cos.jar -Dfile.encoding=UTF-8 surefire:test"/>
    <property name="java.home" value="C:\Program Files\RedHat\java-11-openjdk-11.0.8-2"/>
    <property name="user.language" value="en"/>
    <property name="java.specification.vendor" value="Oracle Corporation"/>
    <property name="awt.toolkit" value="sun.awt.windows.WToolkit"/>
    <property name="java.vm.info" value="mixed mode"/>
    <property name="java.version" value="11.0.8"/>
    <property name="java.vendor" value="Red Hat, Inc."/>
    <property name="maven.home" value="C:\Program Files\NetBeans-12.0\netbeans\java\maven\bin\.."/>
    <property name="file.separator" value="\"/>
    <property name="java.version.date" value="2020-07-14"/>
    <property name="java.vendor.url.bug" value="https://bugzilla.redhat.com/enter_bug.cgi"/>
    <property name="sun.io.unicode.encoding" value="UnicodeLittle"/>
    <property name="sun.cpu.endian" value="little"/>
    <property name="java.vendor.version" value="18.9"/>
    <property name="sun.desktop" value="windows"/>
    <property name="sun.cpu.isalist" value="amd64"/>
  </properties>
  <testcase classname="org.solent.com528.project.clientservice.impl.test.TicketEncoderImplTest" name="testTicketEncodeInvalid" time="0.224"/>
  <testcase classname="org.solent.com528.project.clientservice.impl.test.TicketEncoderImplTest" name="testTicketEncodeValidate" time="0.022">
    <failure type="java.lang.AssertionError">java.lang.AssertionError
	at org.junit.Assert.fail(Assert.java:86)
	at org.junit.Assert.assertTrue(Assert.java:41)
	at org.junit.Assert.assertFalse(Assert.java:64)
	at org.junit.Assert.assertFalse(Assert.java:74)
	at org.solent.com528.project.clientservice.impl.test.TicketEncoderImplTest.testTicketEncodeValidate(TicketEncoderImplTest.java:41)
	at java.base/jdk.internal.reflect.NativeMethodAccessorImpl.invoke0(Native Method)
	at java.base/jdk.internal.reflect.NativeMethodAccessorImpl.invoke(NativeMethodAccessorImpl.java:62)
	at java.base/jdk.internal.reflect.DelegatingMethodAccessorImpl.invoke(DelegatingMethodAccessorImpl.java:43)
	at java.base/java.lang.reflect.Method.invoke(Method.java:566)
	at org.junit.runners.model.FrameworkMethod$1.runReflectiveCall(FrameworkMethod.java:50)
	at org.junit.internal.runners.model.ReflectiveCallable.run(ReflectiveCallable.java:12)
	at org.junit.runners.model.FrameworkMethod.invokeExplosively(FrameworkMethod.java:47)
	at org.junit.internal.runners.statements.InvokeMethod.evaluate(InvokeMethod.java:17)
	at org.junit.runners.ParentRunner.runLeaf(ParentRunner.java:325)
	at org.junit.runners.BlockJUnit4ClassRunner.runChild(BlockJUnit4ClassRunner.java:78)
	at org.junit.runners.BlockJUnit4ClassRunner.runChild(BlockJUnit4ClassRunner.java:57)
	at org.junit.runners.ParentRunner$3.run(ParentRunner.java:290)
	at org.junit.runners.ParentRunner$1.schedule(ParentRunner.java:71)
	at org.junit.runners.ParentRunner.runChildren(ParentRunner.java:288)
	at org.junit.runners.ParentRunner.access$000(ParentRunner.java:58)
	at org.junit.runners.ParentRunner$2.evaluate(ParentRunner.java:268)
	at org.junit.runners.ParentRunner.run(ParentRunner.java:363)
	at org.apache.maven.surefire.junit4.JUnit4Provider.execute(JUnit4Provider.java:252)
	at org.apache.maven.surefire.junit4.JUnit4Provider.executeTestSet(JUnit4Provider.java:141)
	at org.apache.maven.surefire.junit4.JUnit4Provider.invoke(JUnit4Provider.java:112)
	at java.base/jdk.internal.reflect.NativeMethodAccessorImpl.invoke0(Native Method)
	at java.base/jdk.internal.reflect.NativeMethodAccessorImpl.invoke(NativeMethodAccessorImpl.java:62)
	at java.base/jdk.internal.reflect.DelegatingMethodAccessorImpl.invoke(DelegatingMethodAccessorImpl.java:43)
	at java.base/java.lang.reflect.Method.invoke(Method.java:566)
	at org.apache.maven.surefire.util.ReflectionUtils.invokeMethodWithArray(ReflectionUtils.java:189)
	at org.apache.maven.surefire.booter.ProviderFactory$ProviderProxy.invoke(ProviderFactory.java:165)
	at org.apache.maven.surefire.booter.ProviderFactory.invokeProvider(ProviderFactory.java:85)
	at org.apache.maven.surefire.booter.ForkedBooter.runSuitesInProcess(ForkedBooter.java:115)
	at org.apache.maven.surefire.booter.ForkedBooter.main(ForkedBooter.java:75)
</failure>
    <system-out>16:47:52.316 [main] DEBUG org.solent.com528.project.clientservice.impl.TicketEncoderImpl - Ticket to encode: 
&lt;?xml version=&quot;1.0&quot; encoding=&quot;UTF-8&quot; standalone=&quot;yes&quot;?&gt;
&lt;ticket&gt;
    &lt;startStation&gt;Waterloo&lt;/startStation&gt;
    &lt;cost&gt;5.5&lt;/cost&gt;
&lt;/ticket&gt;

16:47:52.317 [main] DEBUG org.solent.com528.project.clientservice.impl.TicketEncoderImpl - Unencoded ticket MD5 hash: 
3B38AE282D5932058899C87814A94C77
16:47:52.317 [main] DEBUG solent.ac.uk.com504.examples.ticketgate.crypto.AsymmetricCryptography - getPrivateFromClassPath read keybytes.length bytes:635
16:47:52.320 [main] DEBUG org.solent.com528.project.clientservice.impl.TicketEncoderImpl - Encrypted ticket MD5 hash: euU/qvHZDXVMkw6+08id+dM4YlOgMX2kfWD7UqoMZVzWKeXCpLE1MDcGaG7qFN1joTxvilZWRX+btxsgW0KALc0hSDRHwjIqQXaSu4Tva4iHZt4Ixd7Cdm/fObWkNlmlMBkccPEFnAq/ofxXDU9ohFQO7sxWws66nQTFlTCdNao=
16:47:52.320 [main] DEBUG org.solent.com528.project.clientservice.impl.TicketEncoderImpl - ticket with encrypted hash: &lt;?xml version=&quot;1.0&quot; encoding=&quot;UTF-8&quot; standalone=&quot;yes&quot;?&gt;
&lt;ticket&gt;
    &lt;startStation&gt;Waterloo&lt;/startStation&gt;
    &lt;cost&gt;5.5&lt;/cost&gt;
    &lt;encryptedHash&gt;euU/qvHZDXVMkw6+08id+dM4YlOgMX2kfWD7UqoMZVzWKeXCpLE1MDcGaG7qFN1joTxvilZWRX+btxsgW0KALc0hSDRHwjIqQXaSu4Tva4iHZt4Ixd7Cdm/fObWkNlmlMBkccPEFnAq/ofxXDU9ohFQO7sxWws66nQTFlTCdNao=&lt;/encryptedHash&gt;
&lt;/ticket&gt;

16:47:52.320 [main] DEBUG org.solent.com528.project.clientservice.impl.test.TicketEncoderImplTest - encoded ticket to validate :
&lt;?xml version=&quot;1.0&quot; encoding=&quot;UTF-8&quot; standalone=&quot;yes&quot;?&gt;
&lt;ticket&gt;
    &lt;startStation&gt;Waterloo&lt;/startStation&gt;
    &lt;cost&gt;5.5&lt;/cost&gt;
    &lt;encryptedHash&gt;euU/qvHZDXVMkw6+08id+dM4YlOgMX2kfWD7UqoMZVzWKeXCpLE1MDcGaG7qFN1joTxvilZWRX+btxsgW0KALc0hSDRHwjIqQXaSu4Tva4iHZt4Ixd7Cdm/fObWkNlmlMBkccPEFnAq/ofxXDU9ohFQO7sxWws66nQTFlTCdNao=&lt;/encryptedHash&gt;
&lt;/ticket&gt;

16:47:52.320 [main] DEBUG org.solent.com528.project.clientservice.impl.TicketEncoderImpl - validating ticket : 
&lt;?xml version=&quot;1.0&quot; encoding=&quot;UTF-8&quot; standalone=&quot;yes&quot;?&gt;
&lt;ticket&gt;
    &lt;startStation&gt;Waterloo&lt;/startStation&gt;
    &lt;cost&gt;5.5&lt;/cost&gt;
    &lt;encryptedHash&gt;euU/qvHZDXVMkw6+08id+dM4YlOgMX2kfWD7UqoMZVzWKeXCpLE1MDcGaG7qFN1joTxvilZWRX+btxsgW0KALc0hSDRHwjIqQXaSu4Tva4iHZt4Ixd7Cdm/fObWkNlmlMBkccPEFnAq/ofxXDU9ohFQO7sxWws66nQTFlTCdNao=&lt;/encryptedHash&gt;
&lt;/ticket&gt;

16:47:52.330 [main] DEBUG org.solent.com528.project.clientservice.impl.TicketEncoderImpl - regenerated ticket xml hash: 3B38AE282D5932058899C87814A94C77
16:47:52.331 [main] DEBUG org.solent.com528.project.clientservice.impl.TicketEncoderImpl - decryptedTicketHash        : 3B38AE282D5932058899C87814A94C77
16:47:52.331 [main] DEBUG org.solent.com528.project.clientservice.impl.TicketEncoderImpl - ticket is valid
</system-out>
  </testcase>
</testsuite>